<?xml version="1.0" encoding="UTF-8"?>
<!-- Generated by org.testng.reporters.JUnitReportReporter -->
<testsuite hostname="Zafar" failures="0" tests="4" name="api.test.DemoTest" time="0.035" errors="0" timestamp="2023-04-10T14:47:23 IST" skipped="0">
  <testcase classname="api.test.DemoTest" name="tes3" time="0.006"/>
  <system-out/>
  <testcase classname="api.test.DemoTest" name="tes1" time="0.021"/>
  <system-out/>
  <testcase classname="api.test.DemoTest" name="tes4" time="0.004"/>
  <system-out/>
  <testcase classname="api.test.DemoTest" name="tes2" time="0.004"/>
  <system-out/>
</testsuite> <!-- api.test.DemoTest -->
