<?xml version="1.0" encoding="UTF-8"?>
<!-- Generated by org.testng.reporters.JUnitReportReporter -->
<testsuite hostname="Zafar" failures="0" tests="1" name="TestNgPrectice.TestNGPractice" time="0.005" errors="0" timestamp="2023-02-22T14:45:20 IST" skipped="0">
  <testcase classname="TestNgPrectice.TestNGPractice" name="test" time="0.005"/>
  <system-out/>
</testsuite> <!-- TestNgPrectice.TestNGPractice -->
