<?xml version="1.0" encoding="UTF-8"?>
<!-- Generated by org.testng.reporters.JUnitReportReporter -->
<testsuite hostname="Zafar" failures="0" tests="4" name="api.test.UserTest" time="12.392" errors="0" timestamp="2023-04-11T00:08:29 IST" skipped="0">
  <testcase classname="api.test.UserTest" name="testPostUser" time="4.795"/>
  <system-out/>
  <testcase classname="api.test.UserTest" name="testGetUserByName" time="1.961"/>
  <system-out/>
  <testcase classname="api.test.UserTest" name="testUpdateByUserName" time="3.645"/>
  <system-out/>
  <testcase classname="api.test.UserTest" name="testDeleteByName" time="1.991"/>
  <system-out/>
</testsuite> <!-- api.test.UserTest -->
