<?xml version="1.0" encoding="UTF-8"?>
<!-- Generated by org.testng.reporters.JUnitReportReporter -->
<testsuite hostname="Zafar" failures="0" tests="1" name="TestNgPrectice.InstaDemo" time="3.594" errors="0" timestamp="2023-03-01T01:24:50 IST" skipped="0">
  <testcase classname="TestNgPrectice.InstaDemo" name="youTube" time="3.594"/>
  <system-out/>
</testsuite> <!-- TestNgPrectice.InstaDemo -->
