<?xml version="1.0" encoding="UTF-8"?>
<!-- Generated by org.testng.reporters.JUnitReportReporter -->
<testsuite hostname="Zafar" failures="0" tests="4" name="api.test.UserTest" time="10.636" errors="0" timestamp="2023-04-10T15:57:28 IST" skipped="0">
  <testcase classname="api.test.UserTest" name="testPostUser" time="4.216"/>
  <system-out/>
  <testcase classname="api.test.UserTest" name="testGetUserByName" time="1.626"/>
  <system-out/>
  <testcase classname="api.test.UserTest" name="testUpdateByUserName" time="3.195"/>
  <system-out/>
  <testcase classname="api.test.UserTest" name="testDeleteByName" time="1.599"/>
  <system-out/>
</testsuite> <!-- api.test.UserTest -->
