<?xml version="1.0" encoding="UTF-8"?>
<!-- Generated by org.testng.reporters.JUnitReportReporter -->
<testsuite hostname="Zafar" failures="0" tests="1" name="Practice.UserDummy" time="5.158" errors="0" timestamp="2023-04-08T02:40:46 IST" skipped="0">
  <testcase classname="Practice.UserDummy" name="createUser" time="5.158"/>
  <system-out/>
</testsuite> <!-- Practice.UserDummy -->
