<?xml version="1.0" encoding="UTF-8"?>
<!-- Generated by org.testng.reporters.JUnitReportReporter -->
<testsuite hostname="Zafar" failures="0" tests="1" name="Practice.CehckAllLinks" time="197.178" errors="0" timestamp="2023-03-07T15:05:59 IST" skipped="0">
  <testcase classname="Practice.CehckAllLinks" name="test" time="197.178"/>
  <system-out/>
</testsuite> <!-- Practice.CehckAllLinks -->
