<?xml version="1.0" encoding="UTF-8"?>
<!-- Generated by org.testng.reporters.JUnitReportReporter -->
<testsuite hostname="Zafar" failures="0" tests="2" name="org.domain.lims_project.Clients.Clients_Add_Client" time="5.726" errors="0" timestamp="2023-03-13T10:10:48 IST" skipped="2">
  <testcase classname="org.domain.lims_project.Clients.Clients_Add_Client" name="clients_Add_Client" time="3.225">
    <skipped/>
  </testcase> <!-- clients_Add_Client -->
  <system-out/>
  <testcase classname="org.domain.lims_project.Clients.Clients_Add_Client" name="clients_Add_Client" time="2.501">
    <skipped/>
  </testcase> <!-- clients_Add_Client -->
  <system-out/>
</testsuite> <!-- org.domain.lims_project.Clients.Clients_Add_Client -->
