<?xml version="1.0" encoding="UTF-8"?>
<!-- Generated by org.testng.reporters.JUnitReportReporter -->
<testsuite hostname="Zafar" failures="0" tests="4" name="api.test.UserTest2" time="12.689" errors="0" timestamp="2023-04-11T00:38:07 IST" skipped="0">
  <testcase classname="api.test.UserTest2" name="testPostUser" time="5.359"/>
  <system-out/>
  <testcase classname="api.test.UserTest2" name="testGetUserByName" time="1.644"/>
  <system-out/>
  <testcase classname="api.test.UserTest2" name="testUpdateByUserName" time="3.646"/>
  <system-out/>
  <testcase classname="api.test.UserTest2" name="testDeleteByName" time="2.040"/>
  <system-out/>
</testsuite> <!-- api.test.UserTest2 -->
