<?xml version="1.0" encoding="UTF-8"?>
<!-- Generated by org.testng.reporters.JUnitReportReporter -->
<testsuite hostname="Zafar" failures="0" tests="1" name="MavenPractice" time="0.010" errors="0" timestamp="2023-03-07T17:51:45 IST" skipped="0">
  <testcase classname="MavenPractice" name="test1" time="0.010"/>
  <system-out/>
</testsuite> <!-- MavenPractice -->
