<?xml version="1.0" encoding="UTF-8"?>
<!-- Generated by org.testng.reporters.JUnitReportReporter -->
<testsuite hostname="Zafar" failures="0" tests="4" name="TestNgPrectice.DemoTest4" time="0.013" errors="0" timestamp="2023-02-28T11:44:40 IST" skipped="0">
  <testcase classname="TestNgPrectice.DemoTest4" name="test3" time="0.004"/>
  <system-out/>
  <testcase classname="TestNgPrectice.DemoTest4" name="test4" time="0.003"/>
  <system-out/>
  <testcase classname="TestNgPrectice.DemoTest4" name="test2" time="0.003"/>
  <system-out/>
  <testcase classname="TestNgPrectice.DemoTest4" name="test1" time="0.003"/>
  <system-out/>
</testsuite> <!-- TestNgPrectice.DemoTest4 -->
