<?xml version="1.0" encoding="UTF-8"?>
<!-- Generated by org.testng.reporters.JUnitReportReporter -->
<testsuite hostname="Zafar" failures="0" tests="4" name="TestNgPrectice.DemoTest3" time="0.015" errors="0" timestamp="2023-02-28T11:44:40 IST" skipped="0">
  <testcase classname="TestNgPrectice.DemoTest3" name="test1" time="0.009"/>
  <system-out/>
  <testcase classname="TestNgPrectice.DemoTest3" name="test2" time="0.002"/>
  <system-out/>
  <testcase classname="TestNgPrectice.DemoTest3" name="test4" time="0.001"/>
  <system-out/>
  <testcase classname="TestNgPrectice.DemoTest3" name="test3" time="0.003"/>
  <system-out/>
</testsuite> <!-- TestNgPrectice.DemoTest3 -->
