<?xml version="1.0" encoding="UTF-8"?>
<!-- Generated by org.testng.reporters.JUnitReportReporter -->
<testsuite hostname="Zafar" failures="0" tests="1" name="ShooperLikeAction.ShopperLikesAction" time="3.974" errors="0" timestamp="2023-04-19T17:57:54 IST" skipped="0">
  <testcase classname="ShooperLikeAction.ShopperLikesAction" name="getShopperIDAction" time="3.974"/>
  <system-out/>
</testsuite> <!-- ShooperLikeAction.ShopperLikesAction -->
