<?xml version="1.0" encoding="UTF-8"?>
<!-- Generated by org.testng.reporters.JUnitReportReporter -->
<testsuite skipped="0" hostname="Zafar" name="api.test.UserTest" tests="4" failures="0" timestamp="2023-04-10T16:13:23 IST" time="9.310" errors="0">
  <testcase name="testPostUser" time="1.824" classname="api.test.UserTest"/>
  <system-out/>
  <testcase name="testGetUserByName" time="1.743" classname="api.test.UserTest"/>
  <system-out/>
  <testcase name="testUpdateByUserName" time="3.838" classname="api.test.UserTest"/>
  <system-out/>
  <testcase name="testDeleteByName" time="1.905" classname="api.test.UserTest"/>
  <system-out/>
</testsuite> <!-- api.test.UserTest -->
