<?xml version="1.0" encoding="UTF-8"?>
<!-- Generated by org.testng.reporters.JUnitReportReporter -->
<testsuite skipped="0" hostname="Zafar" name="api.test.UserTest" tests="4" failures="0" timestamp="2023-04-10T22:30:17 IST" time="10.705" errors="0">
  <testcase name="testPostUser" time="2.062" classname="api.test.UserTest"/>
  <system-out/>
  <testcase name="testGetUserByName" time="1.971" classname="api.test.UserTest"/>
  <system-out/>
  <testcase name="testUpdateByUserName" time="4.475" classname="api.test.UserTest"/>
  <system-out/>
  <testcase name="testDeleteByName" time="2.197" classname="api.test.UserTest"/>
  <system-out/>
</testsuite> <!-- api.test.UserTest -->
