<?xml version="1.0" encoding="UTF-8"?>
<!-- Generated by org.testng.reporters.JUnitReportReporter -->
<testsuite skipped="0" hostname="Zafar" name="api.test.DataDrivenTest" tests="6" failures="0" timestamp="2023-04-10T22:30:17 IST" time="9.137" errors="0">
  <testcase name="testPosture" time="5.076" classname="api.test.DataDrivenTest"/>
  <system-out/>
  <testcase name="testPosture" time="2.142" classname="api.test.DataDrivenTest"/>
  <system-out/>
  <testcase name="testPosture" time="1.916" classname="api.test.DataDrivenTest"/>
  <system-out/>
  <testcase name="testDeleteUserName" time="0.001" classname="api.test.DataDrivenTest"/>
  <system-out/>
  <testcase name="testDeleteUserName" time="0.001" classname="api.test.DataDrivenTest"/>
  <system-out/>
  <testcase name="testDeleteUserName" time="0.001" classname="api.test.DataDrivenTest"/>
  <system-out/>
</testsuite> <!-- api.test.DataDrivenTest -->
